Using pre-set license
Built from '2020.3/staging' branch; Version is '2020.3.6f1 (338bb68529b2) revision 3378102'; Using compiler version '192528614'; Build Type 'Release'
OS: 'Windows 10 Pro; OS build 19042.1165; Version 2009; 64bit' Language: 'en' Physical Memory: 16245 MB
BatchMode: 1, IsHumanControllingUs: 0, StartBugReporterOnCrash: 0, Is64bit: 1, IsPro: 0

 COMMAND LINE ARGUMENTS:
C:\Program Files\Unity\Hub\Editor\2020.3.6f1\Editor\Unity.exe
-adb2
-batchMode
-noUpm
-name
AssetImportWorker1
-projectPath
C:/Users/Robert/Documents/GitHub/Programming-Theory-Repo/Programming Theory Project
-logFile
Logs/AssetImportWorker1.log
-srvPort
60331
Successfully changed project path to: C:/Users/Robert/Documents/GitHub/Programming-Theory-Repo/Programming Theory Project
C:/Users/Robert/Documents/GitHub/Programming-Theory-Repo/Programming Theory Project
Using Asset Import Pipeline V2.
Refreshing native plugins compatible for Editor in 46.19 ms, found 0 plugins.
Preloading 0 native plugins for Editor in 0.00 ms.
Initialize engine version: 2020.3.6f1 (338bb68529b2)
[Subsystems] Discovering subsystems at path C:/Program Files/Unity/Hub/Editor/2020.3.6f1/Editor/Data/Resources/UnitySubsystems
[Subsystems] Discovering subsystems at path C:/Users/Robert/Documents/GitHub/Programming-Theory-Repo/Programming Theory Project/Assets
GfxDevice: creating device client; threaded=0
Direct3D:
    Version:  Direct3D 11.0 [level 11.1]
    Renderer: NVIDIA GeForce GTX 970 (ID=0x13c2)
    Vendor:   
    VRAM:     4043 MB
    Driver:   27.21.14.5671
Initialize mono
Mono path[0] = 'C:/Program Files/Unity/Hub/Editor/2020.3.6f1/Editor/Data/Managed'
Mono path[1] = 'C:/Program Files/Unity/Hub/Editor/2020.3.6f1/Editor/Data/MonoBleedingEdge/lib/mono/unityjit'
Mono config path = 'C:/Program Files/Unity/Hub/Editor/2020.3.6f1/Editor/Data/MonoBleedingEdge/etc'
Using monoOptions --debugger-agent=transport=dt_socket,embedding=1,server=y,suspend=n,address=127.0.0.1:56588
Begin MonoManager ReloadAssembly
Registering precompiled unity dll's ...
Register platform support module: C:/Program Files/Unity/Hub/Editor/2020.3.6f1/Editor/Data/PlaybackEngines/WebGLSupport/UnityEditor.WebGL.Extensions.dll
Register platform support module: C:/Program Files/Unity/Hub/Editor/2020.3.6f1/Editor/Data/PlaybackEngines/WindowsStandaloneSupport/UnityEditor.WindowsStandalone.Extensions.dll
Registered in 0.003171 seconds.
Native extension for WindowsStandalone target not found
Native extension for WebGL target not found
Refreshing native plugins compatible for Editor in 28.84 ms, found 0 plugins.
Preloading 0 native plugins for Editor in 0.00 ms.
Mono: successfully reloaded assembly
- Completed reload, in  2.186 seconds
Platform modules already initialized, skipping
Registering precompiled user dll's ...
Registered in 0.000714 seconds.
Begin MonoManager ReloadAssembly
Native extension for WindowsStandalone target not found
Native extension for WebGL target not found
Refreshing native plugins compatible for Editor in 0.30 ms, found 0 plugins.
Preloading 0 native plugins for Editor in 0.00 ms.
Mono: successfully reloaded assembly
- Completed reload, in  0.995 seconds
Platform modules already initialized, skipping
========================================================================
Worker process is ready to serve import requests
Launched and connected shader compiler UnityShaderCompiler.exe after 0.10 seconds
Refreshing native plugins compatible for Editor in 0.28 ms, found 0 plugins.
Preloading 0 native plugins for Editor in 0.00 ms.
Unloading 1168 Unused Serialized files (Serialized files now loaded: 0)
System memory in use before: 61.3 MB.
System memory in use after: 61.4 MB.

Unloading 10 unused Assets to reduce memory usage. Loaded Objects now: 1612.
Total: 2.174800 ms (FindLiveObjects: 0.194600 ms CreateObjectMapping: 0.151500 ms MarkObjects: 1.740100 ms  DeleteObjects: 0.087200 ms)

========================================================================
Received Import Request.
  path: Assets/Scripts/Animal.cs
  artifactKey: Guid(db52b9b15a001504a84075074be13b8a) Importer(815301076,1909f56bfc062723c751e8b465ee728b)
Start importing Assets/Scripts/Animal.cs using Guid(db52b9b15a001504a84075074be13b8a) Importer(815301076,1909f56bfc062723c751e8b465ee728b)  -> (artifact id: '0a16272ed58f9195ab93eca459070dcb') in 0.034414 seconds
  Import took 0.037712 seconds .

========================================================================
Received Import Request.
  Time since last request: 87.740181 seconds.
  path: Assets/Scripts/Animal.cs
  artifactKey: Guid(db52b9b15a001504a84075074be13b8a) Importer(815301076,1909f56bfc062723c751e8b465ee728b)
Start importing Assets/Scripts/Animal.cs using Guid(db52b9b15a001504a84075074be13b8a) Importer(815301076,1909f56bfc062723c751e8b465ee728b)  -> (artifact id: 'cb36f2b3967a145d92a9b8bfb8b63635') in 0.010767 seconds
  Import took 0.019223 seconds .

========================================================================
Received Import Request.
  Time since last request: 0.001746 seconds.
  path: Assets/Scripts/Animal.cs
  artifactKey: Guid(db52b9b15a001504a84075074be13b8a) Importer(815301076,1909f56bfc062723c751e8b465ee728b)
Start importing Assets/Scripts/Animal.cs using Guid(db52b9b15a001504a84075074be13b8a) Importer(815301076,1909f56bfc062723c751e8b465ee728b)  -> (artifact id: 'cb36f2b3967a145d92a9b8bfb8b63635') in 0.005501 seconds
  Import took 0.008649 seconds .

========================================================================
Received Prepare
Registering precompiled user dll's ...
Registered in 0.000665 seconds.
Begin MonoManager ReloadAssembly
Native extension for WindowsStandalone target not found
Native extension for WebGL target not found
Refreshing native plugins compatible for Editor in 0.37 ms, found 0 plugins.
Preloading 0 native plugins for Editor in 0.00 ms.
Mono: successfully reloaded assembly
- Completed reload, in  0.929 seconds
Platform modules already initialized, skipping
Refreshing native plugins compatible for Editor in 0.27 ms, found 0 plugins.
Preloading 0 native plugins for Editor in 0.00 ms.
Unloading 1149 Unused Serialized files (Serialized files now loaded: 0)
System memory in use before: 59.9 MB.
System memory in use after: 60.0 MB.

Unloading 5 unused Assets to reduce memory usage. Loaded Objects now: 1615.
Total: 2.913000 ms (FindLiveObjects: 0.216600 ms CreateObjectMapping: 0.089400 ms MarkObjects: 2.139500 ms  DeleteObjects: 0.465400 ms)

========================================================================
Received Prepare
Registering precompiled user dll's ...
Registered in 0.000789 seconds.
Begin MonoManager ReloadAssembly
Native extension for WindowsStandalone target not found
Native extension for WebGL target not found
Refreshing native plugins compatible for Editor in 0.26 ms, found 0 plugins.
Preloading 0 native plugins for Editor in 0.00 ms.
Mono: successfully reloaded assembly
- Completed reload, in  0.802 seconds
Platform modules already initialized, skipping
Refreshing native plugins compatible for Editor in 0.29 ms, found 0 plugins.
Preloading 0 native plugins for Editor in 0.00 ms.
Unloading 1149 Unused Serialized files (Serialized files now loaded: 0)
System memory in use before: 60.0 MB.
System memory in use after: 60.0 MB.

Unloading 5 unused Assets to reduce memory usage. Loaded Objects now: 1618.
Total: 2.434700 ms (FindLiveObjects: 0.155100 ms CreateObjectMapping: 0.038500 ms MarkObjects: 2.180100 ms  DeleteObjects: 0.059500 ms)

========================================================================
Received Import Request.
  Time since last request: 152.731619 seconds.
  path: Assets/Scripts/Animal.cs
  artifactKey: Guid(db52b9b15a001504a84075074be13b8a) Importer(815301076,1909f56bfc062723c751e8b465ee728b)
Start importing Assets/Scripts/Animal.cs using Guid(db52b9b15a001504a84075074be13b8a) Importer(815301076,1909f56bfc062723c751e8b465ee728b)  -> (artifact id: '791ae91a2634301edbff2025ab80aa6f') in 0.005458 seconds
  Import took 0.008274 seconds .

========================================================================
Received Prepare
Registering precompiled user dll's ...
Registered in 0.000915 seconds.
Begin MonoManager ReloadAssembly
Native extension for WindowsStandalone target not found
Native extension for WebGL target not found
Refreshing native plugins compatible for Editor in 0.28 ms, found 0 plugins.
Preloading 0 native plugins for Editor in 0.00 ms.
Mono: successfully reloaded assembly
- Completed reload, in  0.800 seconds
Platform modules already initialized, skipping
Refreshing native plugins compatible for Editor in 0.28 ms, found 0 plugins.
Preloading 0 native plugins for Editor in 0.00 ms.
Unloading 1149 Unused Serialized files (Serialized files now loaded: 0)
System memory in use before: 60.0 MB.
System memory in use after: 60.0 MB.

Unloading 5 unused Assets to reduce memory usage. Loaded Objects now: 1621.
Total: 1.999100 ms (FindLiveObjects: 0.164200 ms CreateObjectMapping: 0.083600 ms MarkObjects: 1.667400 ms  DeleteObjects: 0.083000 ms)

========================================================================
Received Import Request.
  Time since last request: 84.819459 seconds.
  path: Assets/Scripts/Animal.cs
  artifactKey: Guid(db52b9b15a001504a84075074be13b8a) Importer(815301076,1909f56bfc062723c751e8b465ee728b)
Start importing Assets/Scripts/Animal.cs using Guid(db52b9b15a001504a84075074be13b8a) Importer(815301076,1909f56bfc062723c751e8b465ee728b)  -> (artifact id: '46832b7ea3e16ca22acff01e4b1e37c7') in 0.005550 seconds
  Import took 0.007771 seconds .

========================================================================
Received Import Request.
  Time since last request: 1.166035 seconds.
  path: Assets/Scripts/Animal.cs
  artifactKey: Guid(db52b9b15a001504a84075074be13b8a) Importer(815301076,1909f56bfc062723c751e8b465ee728b)
Start importing Assets/Scripts/Animal.cs using Guid(db52b9b15a001504a84075074be13b8a) Importer(815301076,1909f56bfc062723c751e8b465ee728b)  -> (artifact id: '46832b7ea3e16ca22acff01e4b1e37c7') in 0.002948 seconds
  Import took 0.005155 seconds .

========================================================================
Received Prepare
Registering precompiled user dll's ...
Registered in 0.000987 seconds.
Begin MonoManager ReloadAssembly
Native extension for WindowsStandalone target not found
Native extension for WebGL target not found
Refreshing native plugins compatible for Editor in 0.26 ms, found 0 plugins.
Preloading 0 native plugins for Editor in 0.00 ms.
Mono: successfully reloaded assembly
- Completed reload, in  0.804 seconds
Platform modules already initialized, skipping
Refreshing native plugins compatible for Editor in 0.28 ms, found 0 plugins.
Preloading 0 native plugins for Editor in 0.00 ms.
Unloading 1149 Unused Serialized files (Serialized files now loaded: 0)
System memory in use before: 60.0 MB.
System memory in use after: 60.1 MB.

Unloading 5 unused Assets to reduce memory usage. Loaded Objects now: 1624.
Total: 2.143000 ms (FindLiveObjects: 0.179200 ms CreateObjectMapping: 0.088000 ms MarkObjects: 1.784600 ms  DeleteObjects: 0.089900 ms)

========================================================================
Received Import Request.
  Time since last request: 51.976777 seconds.
  path: Assets/Scripts/Animal.cs
  artifactKey: Guid(db52b9b15a001504a84075074be13b8a) Importer(815301076,1909f56bfc062723c751e8b465ee728b)
Start importing Assets/Scripts/Animal.cs using Guid(db52b9b15a001504a84075074be13b8a) Importer(815301076,1909f56bfc062723c751e8b465ee728b)  -> (artifact id: '704e48ee592f12bd54ba22f2846df604') in 0.006830 seconds
  Import took 0.009689 seconds .

========================================================================
Received Import Request.
  Time since last request: 1.120989 seconds.
  path: Assets/Scripts/Animal.cs
  artifactKey: Guid(db52b9b15a001504a84075074be13b8a) Importer(815301076,1909f56bfc062723c751e8b465ee728b)
Start importing Assets/Scripts/Animal.cs using Guid(db52b9b15a001504a84075074be13b8a) Importer(815301076,1909f56bfc062723c751e8b465ee728b)  -> (artifact id: '704e48ee592f12bd54ba22f2846df604') in 0.003284 seconds
  Import took 0.005523 seconds .

========================================================================
Received Prepare
Registering precompiled user dll's ...
Registered in 0.002633 seconds.
Begin MonoManager ReloadAssembly
Native extension for WindowsStandalone target not found
Native extension for WebGL target not found
Refreshing native plugins compatible for Editor in 0.31 ms, found 0 plugins.
Preloading 0 native plugins for Editor in 0.00 ms.
Mono: successfully reloaded assembly
- Completed reload, in  0.789 seconds
Platform modules already initialized, skipping
Refreshing native plugins compatible for Editor in 0.37 ms, found 0 plugins.
Preloading 0 native plugins for Editor in 0.00 ms.
Unloading 1149 Unused Serialized files (Serialized files now loaded: 0)
System memory in use before: 60.0 MB.
System memory in use after: 60.1 MB.

Unloading 5 unused Assets to reduce memory usage. Loaded Objects now: 1627.
Total: 1.896800 ms (FindLiveObjects: 0.154800 ms CreateObjectMapping: 0.038100 ms MarkObjects: 1.611100 ms  DeleteObjects: 0.092200 ms)

========================================================================
Received Import Request.
  Time since last request: 87.299284 seconds.
  path: Assets/Scripts/Animal.cs
  artifactKey: Guid(db52b9b15a001504a84075074be13b8a) Importer(815301076,1909f56bfc062723c751e8b465ee728b)
Start importing Assets/Scripts/Animal.cs using Guid(db52b9b15a001504a84075074be13b8a) Importer(815301076,1909f56bfc062723c751e8b465ee728b)  -> (artifact id: 'fa843aece31ec5e657b9d1fc8104294e') in 0.004895 seconds
  Import took 0.007767 seconds .

========================================================================
Received Prepare
Registering precompiled user dll's ...
Registered in 0.000942 seconds.
Begin MonoManager ReloadAssembly
Native extension for WindowsStandalone target not found
Native extension for WebGL target not found
Refreshing native plugins compatible for Editor in 0.26 ms, found 0 plugins.
Preloading 0 native plugins for Editor in 0.00 ms.
Mono: successfully reloaded assembly
- Completed reload, in  0.771 seconds
Platform modules already initialized, skipping
Refreshing native plugins compatible for Editor in 0.27 ms, found 0 plugins.
Preloading 0 native plugins for Editor in 0.00 ms.
Unloading 1149 Unused Serialized files (Serialized files now loaded: 0)
System memory in use before: 60.0 MB.
System memory in use after: 60.1 MB.

Unloading 5 unused Assets to reduce memory usage. Loaded Objects now: 1630.
Total: 2.117800 ms (FindLiveObjects: 0.201400 ms CreateObjectMapping: 0.099900 ms MarkObjects: 1.726500 ms  DeleteObjects: 0.089200 ms)

========================================================================
Received Prepare
Registering precompiled user dll's ...
Registered in 0.000760 seconds.
Begin MonoManager ReloadAssembly
Native extension for WindowsStandalone target not found
Native extension for WebGL target not found
Refreshing native plugins compatible for Editor in 0.26 ms, found 0 plugins.
Preloading 0 native plugins for Editor in 0.00 ms.
Mono: successfully reloaded assembly
- Completed reload, in  0.816 seconds
Platform modules already initialized, skipping
Refreshing native plugins compatible for Editor in 0.28 ms, found 0 plugins.
Preloading 0 native plugins for Editor in 0.00 ms.
Unloading 1149 Unused Serialized files (Serialized files now loaded: 0)
System memory in use before: 60.0 MB.
System memory in use after: 60.1 MB.

Unloading 5 unused Assets to reduce memory usage. Loaded Objects now: 1633.
Total: 1.630800 ms (FindLiveObjects: 0.155200 ms CreateObjectMapping: 0.038500 ms MarkObjects: 1.343200 ms  DeleteObjects: 0.092800 ms)

========================================================================
Received Import Request.
  Time since last request: 1484.379431 seconds.
  path: Assets/Scripts/Animal.cs
  artifactKey: Guid(db52b9b15a001504a84075074be13b8a) Importer(815301076,1909f56bfc062723c751e8b465ee728b)
Start importing Assets/Scripts/Animal.cs using Guid(db52b9b15a001504a84075074be13b8a) Importer(815301076,1909f56bfc062723c751e8b465ee728b)  -> (artifact id: 'f7e9e50b5e3f234c8c9b22cbd43b5233') in 0.008741 seconds
  Import took 0.011377 seconds .

========================================================================
Received Prepare
Registering precompiled user dll's ...
Registered in 0.002180 seconds.
Begin MonoManager ReloadAssembly
Native extension for WindowsStandalone target not found
Native extension for WebGL target not found
Refreshing native plugins compatible for Editor in 0.26 ms, found 0 plugins.
Preloading 0 native plugins for Editor in 0.00 ms.
Mono: successfully reloaded assembly
- Completed reload, in  0.800 seconds
Platform modules already initialized, skipping
Refreshing native plugins compatible for Editor in 0.27 ms, found 0 plugins.
Preloading 0 native plugins for Editor in 0.00 ms.
Unloading 1149 Unused Serialized files (Serialized files now loaded: 0)
System memory in use before: 60.0 MB.
System memory in use after: 60.1 MB.

Unloading 5 unused Assets to reduce memory usage. Loaded Objects now: 1636.
Total: 1.780200 ms (FindLiveObjects: 0.130100 ms CreateObjectMapping: 0.036700 ms MarkObjects: 1.524100 ms  DeleteObjects: 0.088600 ms)

========================================================================
Received Import Request.
  Time since last request: 30.657017 seconds.
  path: Assets/Scripts/Animal.cs
  artifactKey: Guid(db52b9b15a001504a84075074be13b8a) Importer(815301076,1909f56bfc062723c751e8b465ee728b)
Start importing Assets/Scripts/Animal.cs using Guid(db52b9b15a001504a84075074be13b8a) Importer(815301076,1909f56bfc062723c751e8b465ee728b)  -> (artifact id: '3bb7ec63cc71d670be342c75080e282e') in 0.005443 seconds
  Import took 0.008088 seconds .

========================================================================
Received Prepare
Registering precompiled user dll's ...
Registered in 0.000834 seconds.
Begin MonoManager ReloadAssembly
Native extension for WindowsStandalone target not found
Native extension for WebGL target not found
Refreshing native plugins compatible for Editor in 0.29 ms, found 0 plugins.
Preloading 0 native plugins for Editor in 0.00 ms.
Mono: successfully reloaded assembly
- Completed reload, in  0.786 seconds
Platform modules already initialized, skipping
Refreshing native plugins compatible for Editor in 0.38 ms, found 0 plugins.
Preloading 0 native plugins for Editor in 0.00 ms.
Unloading 1149 Unused Serialized files (Serialized files now loaded: 0)
System memory in use before: 60.0 MB.
System memory in use after: 60.1 MB.

Unloading 5 unused Assets to reduce memory usage. Loaded Objects now: 1639.
Total: 1.866700 ms (FindLiveObjects: 0.142000 ms CreateObjectMapping: 0.038500 ms MarkObjects: 1.621300 ms  DeleteObjects: 0.063600 ms)

========================================================================
Received Import Request.
  Time since last request: 76.048945 seconds.
  path: Assets/Scripts/Animal.cs
  artifactKey: Guid(db52b9b15a001504a84075074be13b8a) Importer(815301076,1909f56bfc062723c751e8b465ee728b)
Start importing Assets/Scripts/Animal.cs using Guid(db52b9b15a001504a84075074be13b8a) Importer(815301076,1909f56bfc062723c751e8b465ee728b)  -> (artifact id: '83441392dd3ae591f8e7d6697d3f5464') in 0.005928 seconds
  Import took 0.008421 seconds .

========================================================================
Received Import Request.
  Time since last request: 1.725448 seconds.
  path: Assets/Scripts/Animal.cs
  artifactKey: Guid(db52b9b15a001504a84075074be13b8a) Importer(815301076,1909f56bfc062723c751e8b465ee728b)
Start importing Assets/Scripts/Animal.cs using Guid(db52b9b15a001504a84075074be13b8a) Importer(815301076,1909f56bfc062723c751e8b465ee728b)  -> (artifact id: '83441392dd3ae591f8e7d6697d3f5464') in 0.002958 seconds
  Import took 0.005140 seconds .

========================================================================
Received Prepare
Registering precompiled user dll's ...
Registered in 0.000889 seconds.
Begin MonoManager ReloadAssembly
Native extension for WindowsStandalone target not found
Native extension for WebGL target not found
Refreshing native plugins compatible for Editor in 0.32 ms, found 0 plugins.
Preloading 0 native plugins for Editor in 0.00 ms.
Mono: successfully reloaded assembly
- Completed reload, in  0.796 seconds
Platform modules already initialized, skipping
Refreshing native plugins compatible for Editor in 0.31 ms, found 0 plugins.
Preloading 0 native plugins for Editor in 0.00 ms.
Unloading 1149 Unused Serialized files (Serialized files now loaded: 0)
System memory in use before: 60.0 MB.
System memory in use after: 60.1 MB.

Unloading 5 unused Assets to reduce memory usage. Loaded Objects now: 1642.
Total: 2.102000 ms (FindLiveObjects: 0.187400 ms CreateObjectMapping: 0.092200 ms MarkObjects: 1.730500 ms  DeleteObjects: 0.090500 ms)

========================================================================
Received Import Request.
  Time since last request: 341.905814 seconds.
  path: Assets/Scripts/Animal.cs
  artifactKey: Guid(db52b9b15a001504a84075074be13b8a) Importer(815301076,1909f56bfc062723c751e8b465ee728b)
Start importing Assets/Scripts/Animal.cs using Guid(db52b9b15a001504a84075074be13b8a) Importer(815301076,1909f56bfc062723c751e8b465ee728b)  -> (artifact id: '8f625ef15d6182794b52bf40ac1708a4') in 0.005645 seconds
  Import took 0.007869 seconds .

========================================================================
Received Import Request.
  Time since last request: 1.113565 seconds.
  path: Assets/Scripts/Animal.cs
  artifactKey: Guid(db52b9b15a001504a84075074be13b8a) Importer(815301076,1909f56bfc062723c751e8b465ee728b)
Start importing Assets/Scripts/Animal.cs using Guid(db52b9b15a001504a84075074be13b8a) Importer(815301076,1909f56bfc062723c751e8b465ee728b)  -> (artifact id: '8f625ef15d6182794b52bf40ac1708a4') in 0.003566 seconds
  Import took 0.005769 seconds .

========================================================================
Received Prepare
Registering precompiled user dll's ...
Registered in 0.002480 seconds.
Begin MonoManager ReloadAssembly
Native extension for WindowsStandalone target not found
Native extension for WebGL target not found
Refreshing native plugins compatible for Editor in 0.27 ms, found 0 plugins.
Preloading 0 native plugins for Editor in 0.00 ms.
Mono: successfully reloaded assembly
- Completed reload, in  0.833 seconds
Platform modules already initialized, skipping
Refreshing native plugins compatible for Editor in 0.27 ms, found 0 plugins.
Preloading 0 native plugins for Editor in 0.00 ms.
Unloading 1149 Unused Serialized files (Serialized files now loaded: 0)
System memory in use before: 60.0 MB.
System memory in use after: 60.1 MB.

Unloading 5 unused Assets to reduce memory usage. Loaded Objects now: 1645.
Total: 2.206700 ms (FindLiveObjects: 0.236700 ms CreateObjectMapping: 0.066800 ms MarkObjects: 1.819000 ms  DeleteObjects: 0.083400 ms)

========================================================================
Received Import Request.
  Time since last request: 144.325445 seconds.
  path: Assets/Scripts/Animal.cs
  artifactKey: Guid(db52b9b15a001504a84075074be13b8a) Importer(815301076,1909f56bfc062723c751e8b465ee728b)
Start importing Assets/Scripts/Animal.cs using Guid(db52b9b15a001504a84075074be13b8a) Importer(815301076,1909f56bfc062723c751e8b465ee728b)  -> (artifact id: '4b57c9556fba07f843db689d342600ef') in 0.005008 seconds
  Import took 0.007516 seconds .

========================================================================
Received Prepare
Registering precompiled user dll's ...
Registered in 0.000684 seconds.
Begin MonoManager ReloadAssembly
Native extension for WindowsStandalone target not found
Native extension for WebGL target not found
Refreshing native plugins compatible for Editor in 0.26 ms, found 0 plugins.
Preloading 0 native plugins for Editor in 0.00 ms.
Mono: successfully reloaded assembly
- Completed reload, in  0.755 seconds
Platform modules already initialized, skipping
Refreshing native plugins compatible for Editor in 0.28 ms, found 0 plugins.
Preloading 0 native plugins for Editor in 0.00 ms.
Unloading 1149 Unused Serialized files (Serialized files now loaded: 0)
System memory in use before: 60.0 MB.
System memory in use after: 60.1 MB.

Unloading 5 unused Assets to reduce memory usage. Loaded Objects now: 1648.
Total: 1.814700 ms (FindLiveObjects: 0.147800 ms CreateObjectMapping: 0.036300 ms MarkObjects: 1.536500 ms  DeleteObjects: 0.093200 ms)

========================================================================
Received Prepare
Registering precompiled user dll's ...
Registered in 0.001014 seconds.
Begin MonoManager ReloadAssembly
Native extension for WindowsStandalone target not found
Native extension for WebGL target not found
Refreshing native plugins compatible for Editor in 0.28 ms, found 0 plugins.
Preloading 0 native plugins for Editor in 0.00 ms.
Mono: successfully reloaded assembly
- Completed reload, in  0.823 seconds
Platform modules already initialized, skipping
Refreshing native plugins compatible for Editor in 0.29 ms, found 0 plugins.
Preloading 0 native plugins for Editor in 0.00 ms.
Unloading 1149 Unused Serialized files (Serialized files now loaded: 0)
System memory in use before: 60.0 MB.
System memory in use after: 60.1 MB.

Unloading 5 unused Assets to reduce memory usage. Loaded Objects now: 1651.
Total: 1.824400 ms (FindLiveObjects: 0.142800 ms CreateObjectMapping: 0.038700 ms MarkObjects: 1.559300 ms  DeleteObjects: 0.082400 ms)

========================================================================
Received Import Request.
  Time since last request: 423.403569 seconds.
  path: Assets/Scripts/Animal.cs
  artifactKey: Guid(db52b9b15a001504a84075074be13b8a) Importer(815301076,1909f56bfc062723c751e8b465ee728b)
Start importing Assets/Scripts/Animal.cs using Guid(db52b9b15a001504a84075074be13b8a) Importer(815301076,1909f56bfc062723c751e8b465ee728b)  -> (artifact id: 'd550c9940654d8c85b048377b76babbf') in 0.005023 seconds
  Import took 0.007117 seconds .

